This file contains any messages produced by compilers while
running configure, to aid debugging if configure makes a mistake.

It was created by configure, which was
generated by GNU Autoconf 2.69.  Invocation command line was

  $ ./configure 

## --------- ##
## Platform. ##
## --------- ##

hostname = VmClient
uname -m = x86_64
uname -r = 3.16.0-30-generic
uname -s = Linux
uname -v = #40~14.04.1-Ubuntu SMP Thu Jan 15 17:43:14 UTC 2015

/usr/bin/uname -p = unknown
/bin/uname -X     = unknown

/bin/arch              = unknown
/usr/bin/arch -k       = unknown
/usr/convex/getsysinfo = unknown
/usr/bin/hostinfo      = unknown
/bin/machine           = unknown
/usr/bin/oslevel       = unknown
/bin/universe          = unknown

PATH: /usr/local/sbin
PATH: /usr/local/bin
PATH: /usr/sbin
PATH: /usr/bin
PATH: /sbin
PATH: /bin
PATH: /usr/games
PATH: /usr/local/games


## ----------- ##
## Core tests. ##
## ----------- ##

configure:2187: checking for a BSD-compatible install
configure:2255: result: /usr/bin/install -c
configure:2266: checking whether build environment is sane
configure:2321: result: yes
configure:2472: checking for a thread-safe mkdir -p
configure:2511: result: /bin/mkdir -p
configure:2518: checking for gawk
configure:2548: result: no
configure:2518: checking for mawk
configure:2534: found /usr/bin/mawk
configure:2545: result: mawk
configure:2556: checking whether make sets $(MAKE)
configure:2578: result: yes
configure:2718: checking for gcc
configure:2734: found /usr/bin/gcc
configure:2745: result: gcc
configure:2974: checking for C compiler version
configure:2983: gcc --version >&5
gcc (Ubuntu 4.8.4-2ubuntu1~14.04.3) 4.8.4
Copyright (C) 2013 Free Software Foundation, Inc.
This is free software; see the source for copying conditions.  There is NO
warranty; not even for MERCHANTABILITY or FITNESS FOR A PARTICULAR PURPOSE.

configure:2994: $? = 0
configure:2983: gcc -v >&5
Using built-in specs.
COLLECT_GCC=gcc
COLLECT_LTO_WRAPPER=/usr/lib/gcc/x86_64-linux-gnu/4.8/lto-wrapper
Target: x86_64-linux-gnu
Configured with: ../src/configure -v --with-pkgversion='Ubuntu 4.8.4-2ubuntu1~14.04.3' --with-bugurl=file:///usr/share/doc/gcc-4.8/README.Bugs --enable-languages=c,c++,java,go,d,fortran,objc,obj-c++ --prefix=/usr --program-suffix=-4.8 --enable-shared --enable-linker-build-id --libexecdir=/usr/lib --without-included-gettext --enable-threads=posix --with-gxx-include-dir=/usr/include/c++/4.8 --libdir=/usr/lib --enable-nls --with-sysroot=/ --enable-clocale=gnu --enable-libstdcxx-debug --enable-libstdcxx-time=yes --enable-gnu-unique-object --disable-libmudflap --enable-plugin --with-system-zlib --disable-browser-plugin --enable-java-awt=gtk --enable-gtk-cairo --with-java-home=/usr/lib/jvm/java-1.5.0-gcj-4.8-amd64/jre --enable-java-home --with-jvm-root-dir=/usr/lib/jvm/java-1.5.0-gcj-4.8-amd64 --with-jvm-jar-dir=/usr/lib/jvm-exports/java-1.5.0-gcj-4.8-amd64 --with-arch-directory=amd64 --with-ecj-jar=/usr/share/java/eclipse-ecj.jar --enable-objc-gc --enable-multiarch --disable-werror --with-arch-32=i686 --with-abi=m64 --with-multilib-list=m32,m64,mx32 --with-tune=generic --enable-checking=release --build=x86_64-linux-gnu --host=x86_64-linux-gnu --target=x86_64-linux-gnu
Thread model: posix
gcc version 4.8.4 (Ubuntu 4.8.4-2ubuntu1~14.04.3) 
configure:2994: $? = 0
configure:2983: gcc -V >&5
gcc: error: unrecognized command line option '-V'
gcc: fatal error: no input files
compilation terminated.
configure:2994: $? = 4
configure:2983: gcc -qversion >&5
gcc: error: unrecognized command line option '-qversion'
gcc: fatal error: no input files
compilation terminated.
configure:2994: $? = 4
configure:3014: checking whether the C compiler works
configure:3036: gcc    conftest.c  >&5
configure:3040: $? = 0
configure:3088: result: yes
configure:3091: checking for C compiler default output file name
configure:3093: result: a.out
configure:3099: checking for suffix of executables
configure:3106: gcc -o conftest    conftest.c  >&5
configure:3110: $? = 0
configure:3132: result: 
configure:3154: checking whether we are cross compiling
configure:3162: gcc -o conftest    conftest.c  >&5
configure:3166: $? = 0
configure:3173: ./conftest
configure:3177: $? = 0
configure:3192: result: no
configure:3197: checking for suffix of object files
configure:3219: gcc -c   conftest.c >&5
configure:3223: $? = 0
configure:3244: result: o
configure:3248: checking whether we are using the GNU C compiler
configure:3267: gcc -c   conftest.c >&5
configure:3267: $? = 0
configure:3276: result: yes
configure:3285: checking whether gcc accepts -g
configure:3305: gcc -c -g  conftest.c >&5
configure:3305: $? = 0
configure:3346: result: yes
configure:3363: checking for gcc option to accept ISO C89
configure:3426: gcc  -c -g -O0 -I/usr/local/include/json-c  -L/usr/local/lib -ljson-c   -lleveldb -lpthread  conftest.c >&5
configure:3426: $? = 0
configure:3439: result: none needed
configure:3470: checking for style of include used by make
configure:3498: result: GNU
configure:3524: checking dependency style of gcc
configure:3635: result: gcc3
configure:3657: checking build system type
configure:3671: result: x86_64-unknown-linux-gnu
configure:3691: checking host system type
configure:3704: result: x86_64-unknown-linux-gnu
configure:3738: checking how to run the C preprocessor
configure:3769: gcc -E  conftest.c
configure:3769: $? = 0
configure:3783: gcc -E  conftest.c
conftest.c:11:28: fatal error: ac_nonexistent.h: No such file or directory
 #include <ac_nonexistent.h>
                            ^
compilation terminated.
configure:3783: $? = 1
configure: failed program was:
| /* confdefs.h */
| #define PACKAGE_NAME ""
| #define PACKAGE_TARNAME ""
| #define PACKAGE_VERSION ""
| #define PACKAGE_STRING ""
| #define PACKAGE_BUGREPORT ""
| #define PACKAGE_URL ""
| #define PACKAGE "sflowtool"
| #define VERSION "3.30"
| /* end confdefs.h.  */
| #include <ac_nonexistent.h>
configure:3808: result: gcc -E
configure:3828: gcc -E  conftest.c
configure:3828: $? = 0
configure:3842: gcc -E  conftest.c
conftest.c:11:28: fatal error: ac_nonexistent.h: No such file or directory
 #include <ac_nonexistent.h>
                            ^
compilation terminated.
configure:3842: $? = 1
configure: failed program was:
| /* confdefs.h */
| #define PACKAGE_NAME ""
| #define PACKAGE_TARNAME ""
| #define PACKAGE_VERSION ""
| #define PACKAGE_STRING ""
| #define PACKAGE_BUGREPORT ""
| #define PACKAGE_URL ""
| #define PACKAGE "sflowtool"
| #define VERSION "3.30"
| /* end confdefs.h.  */
| #include <ac_nonexistent.h>
configure:3871: checking for grep that handles long lines and -e
configure:3929: result: /bin/grep
configure:3934: checking for egrep
configure:3996: result: /bin/grep -E
configure:4001: checking for ANSI C header files
configure:4021: gcc -c -g -O0 -I/usr/local/include/json-c  -L/usr/local/lib -ljson-c   -lleveldb -lpthread  conftest.c >&5
configure:4021: $? = 0
configure:4094: gcc -o conftest -g -O0 -I/usr/local/include/json-c  -L/usr/local/lib -ljson-c   -lleveldb -lpthread   conftest.c  >&5
configure:4094: $? = 0
configure:4094: ./conftest
configure:4094: $? = 0
configure:4105: result: yes
configure:4118: checking for sys/types.h
configure:4118: gcc -c -g -O0 -I/usr/local/include/json-c  -L/usr/local/lib -ljson-c   -lleveldb -lpthread  conftest.c >&5
configure:4118: $? = 0
configure:4118: result: yes
configure:4118: checking for sys/stat.h
configure:4118: gcc -c -g -O0 -I/usr/local/include/json-c  -L/usr/local/lib -ljson-c   -lleveldb -lpthread  conftest.c >&5
configure:4118: $? = 0
configure:4118: result: yes
configure:4118: checking for stdlib.h
configure:4118: gcc -c -g -O0 -I/usr/local/include/json-c  -L/usr/local/lib -ljson-c   -lleveldb -lpthread  conftest.c >&5
configure:4118: $? = 0
configure:4118: result: yes
configure:4118: checking for string.h
configure:4118: gcc -c -g -O0 -I/usr/local/include/json-c  -L/usr/local/lib -ljson-c   -lleveldb -lpthread  conftest.c >&5
configure:4118: $? = 0
configure:4118: result: yes
configure:4118: checking for memory.h
configure:4118: gcc -c -g -O0 -I/usr/local/include/json-c  -L/usr/local/lib -ljson-c   -lleveldb -lpthread  conftest.c >&5
configure:4118: $? = 0
configure:4118: result: yes
configure:4118: checking for strings.h
configure:4118: gcc -c -g -O0 -I/usr/local/include/json-c  -L/usr/local/lib -ljson-c   -lleveldb -lpthread  conftest.c >&5
configure:4118: $? = 0
configure:4118: result: yes
configure:4118: checking for inttypes.h
configure:4118: gcc -c -g -O0 -I/usr/local/include/json-c  -L/usr/local/lib -ljson-c   -lleveldb -lpthread  conftest.c >&5
configure:4118: $? = 0
configure:4118: result: yes
configure:4118: checking for stdint.h
configure:4118: gcc -c -g -O0 -I/usr/local/include/json-c  -L/usr/local/lib -ljson-c   -lleveldb -lpthread  conftest.c >&5
configure:4118: $? = 0
configure:4118: result: yes
configure:4118: checking for unistd.h
configure:4118: gcc -c -g -O0 -I/usr/local/include/json-c  -L/usr/local/lib -ljson-c   -lleveldb -lpthread  conftest.c >&5
configure:4118: $? = 0
configure:4118: result: yes
configure:4133: checking fcntl.h usability
configure:4133: gcc -c -g -O0 -I/usr/local/include/json-c  -L/usr/local/lib -ljson-c   -lleveldb -lpthread  conftest.c >&5
configure:4133: $? = 0
configure:4133: result: yes
configure:4133: checking fcntl.h presence
configure:4133: gcc -E  conftest.c
configure:4133: $? = 0
configure:4133: result: yes
configure:4133: checking for fcntl.h
configure:4133: result: yes
configure:4133: checking netdb.h usability
configure:4133: gcc -c -g -O0 -I/usr/local/include/json-c  -L/usr/local/lib -ljson-c   -lleveldb -lpthread  conftest.c >&5
configure:4133: $? = 0
configure:4133: result: yes
configure:4133: checking netdb.h presence
configure:4133: gcc -E  conftest.c
configure:4133: $? = 0
configure:4133: result: yes
configure:4133: checking for netdb.h
configure:4133: result: yes
configure:4133: checking netinet/in.h usability
configure:4133: gcc -c -g -O0 -I/usr/local/include/json-c  -L/usr/local/lib -ljson-c   -lleveldb -lpthread  conftest.c >&5
configure:4133: $? = 0
configure:4133: result: yes
configure:4133: checking netinet/in.h presence
configure:4133: gcc -E  conftest.c
configure:4133: $? = 0
configure:4133: result: yes
configure:4133: checking for netinet/in.h
configure:4133: result: yes
configure:4133: checking for stdlib.h
configure:4133: result: yes
configure:4133: checking for string.h
configure:4133: result: yes
configure:4133: checking sys/socket.h usability
configure:4133: gcc -c -g -O0 -I/usr/local/include/json-c  -L/usr/local/lib -ljson-c   -lleveldb -lpthread  conftest.c >&5
configure:4133: $? = 0
configure:4133: result: yes
configure:4133: checking sys/socket.h presence
configure:4133: gcc -E  conftest.c
configure:4133: $? = 0
configure:4133: result: yes
configure:4133: checking for sys/socket.h
configure:4133: result: yes
configure:4133: checking sys/time.h usability
configure:4133: gcc -c -g -O0 -I/usr/local/include/json-c  -L/usr/local/lib -ljson-c   -lleveldb -lpthread  conftest.c >&5
configure:4133: $? = 0
configure:4133: result: yes
configure:4133: checking sys/time.h presence
configure:4133: gcc -E  conftest.c
configure:4133: $? = 0
configure:4133: result: yes
configure:4133: checking for sys/time.h
configure:4133: result: yes
configure:4133: checking for unistd.h
configure:4133: result: yes
configure:4145: checking for an ANSI C-conforming const
configure:4211: gcc -c -g -O0 -I/usr/local/include/json-c  -L/usr/local/lib -ljson-c   -lleveldb -lpthread  conftest.c >&5
configure:4211: $? = 0
configure:4218: result: yes
configure:4226: checking whether time.h and sys/time.h may both be included
configure:4246: gcc -c -g -O0 -I/usr/local/include/json-c  -L/usr/local/lib -ljson-c   -lleveldb -lpthread  conftest.c >&5
configure:4246: $? = 0
configure:4253: result: yes
configure:4266: checking sys/select.h usability
configure:4266: gcc -c -g -O0 -I/usr/local/include/json-c  -L/usr/local/lib -ljson-c   -lleveldb -lpthread  conftest.c >&5
configure:4266: $? = 0
configure:4266: result: yes
configure:4266: checking sys/select.h presence
configure:4266: gcc -E  conftest.c
configure:4266: $? = 0
configure:4266: result: yes
configure:4266: checking for sys/select.h
configure:4266: result: yes
configure:4266: checking for sys/socket.h
configure:4266: result: yes
configure:4276: checking types of arguments for select
configure:4304: gcc -c -g -O0 -I/usr/local/include/json-c  -L/usr/local/lib -ljson-c   -lleveldb -lpthread  conftest.c >&5
configure:4304: $? = 0
configure:4315: result: int,fd_set *,struct timeval *
configure:4340: checking for strftime
configure:4340: gcc -o conftest -g -O0 -I/usr/local/include/json-c  -L/usr/local/lib -ljson-c   -lleveldb -lpthread   conftest.c  >&5
conftest.c:58:6: warning: conflicting types for built-in function 'strftime' [enabled by default]
 char strftime ();
      ^
configure:4340: $? = 0
configure:4340: result: yes
configure:4395: checking for vprintf
configure:4395: gcc -o conftest -g -O0 -I/usr/local/include/json-c  -L/usr/local/lib -ljson-c   -lleveldb -lpthread   conftest.c  >&5
conftest.c:59:6: warning: conflicting types for built-in function 'vprintf' [enabled by default]
 char vprintf ();
      ^
configure:4395: $? = 0
configure:4395: result: yes
configure:4401: checking for _doprnt
configure:4401: gcc -o conftest -g -O0 -I/usr/local/include/json-c  -L/usr/local/lib -ljson-c   -lleveldb -lpthread   conftest.c  >&5
/tmp/cc1Z1vVl.o: In function `main':
/home/admin/report/conftest.c:71: undefined reference to `_doprnt'
collect2: error: ld returned 1 exit status
configure:4401: $? = 1
configure: failed program was:
| /* confdefs.h */
| #define PACKAGE_NAME ""
| #define PACKAGE_TARNAME ""
| #define PACKAGE_VERSION ""
| #define PACKAGE_STRING ""
| #define PACKAGE_BUGREPORT ""
| #define PACKAGE_URL ""
| #define PACKAGE "sflowtool"
| #define VERSION "3.30"
| #define STDC_HEADERS 1
| #define HAVE_SYS_TYPES_H 1
| #define HAVE_SYS_STAT_H 1
| #define HAVE_STDLIB_H 1
| #define HAVE_STRING_H 1
| #define HAVE_MEMORY_H 1
| #define HAVE_STRINGS_H 1
| #define HAVE_INTTYPES_H 1
| #define HAVE_STDINT_H 1
| #define HAVE_UNISTD_H 1
| #define HAVE_FCNTL_H 1
| #define HAVE_NETDB_H 1
| #define HAVE_NETINET_IN_H 1
| #define HAVE_STDLIB_H 1
| #define HAVE_STRING_H 1
| #define HAVE_SYS_SOCKET_H 1
| #define HAVE_SYS_TIME_H 1
| #define HAVE_UNISTD_H 1
| #define TIME_WITH_SYS_TIME 1
| #define HAVE_SYS_SELECT_H 1
| #define HAVE_SYS_SOCKET_H 1
| #define SELECT_TYPE_ARG1 int
| #define SELECT_TYPE_ARG234 (fd_set *)
| #define SELECT_TYPE_ARG5 (struct timeval *)
| #define HAVE_STRFTIME 1
| #define HAVE_VPRINTF 1
| /* end confdefs.h.  */
| /* Define _doprnt to an innocuous variant, in case <limits.h> declares _doprnt.
|    For example, HP-UX 11i <limits.h> declares gettimeofday.  */
| #define _doprnt innocuous__doprnt
| 
| /* System header to define __stub macros and hopefully few prototypes,
|     which can conflict with char _doprnt (); below.
|     Prefer <limits.h> to <assert.h> if __STDC__ is defined, since
|     <limits.h> exists even on freestanding compilers.  */
| 
| #ifdef __STDC__
| # include <limits.h>
| #else
| # include <assert.h>
| #endif
| 
| #undef _doprnt
| 
| /* Override any GCC internal prototype to avoid an error.
|    Use char because int might match the return type of a GCC
|    builtin and then its argument prototype would still apply.  */
| #ifdef __cplusplus
| extern "C"
| #endif
| char _doprnt ();
| /* The GNU C library defines this for functions which it implements
|     to always fail with ENOSYS.  Some functions are actually named
|     something starting with __ and the normal name is an alias.  */
| #if defined __stub__doprnt || defined __stub____doprnt
| choke me
| #endif
| 
| int
| main ()
| {
| return _doprnt ();
|   ;
|   return 0;
| }
configure:4401: result: no
configure:4415: checking for gethostbyname
configure:4415: gcc -o conftest -g -O0 -I/usr/local/include/json-c  -L/usr/local/lib -ljson-c   -lleveldb -lpthread   conftest.c  >&5
configure:4415: $? = 0
configure:4415: result: yes
configure:4415: checking for memset
configure:4415: gcc -o conftest -g -O0 -I/usr/local/include/json-c  -L/usr/local/lib -ljson-c   -lleveldb -lpthread   conftest.c  >&5
conftest.c:61:6: warning: conflicting types for built-in function 'memset' [enabled by default]
 char memset ();
      ^
configure:4415: $? = 0
configure:4415: result: yes
configure:4415: checking for select
configure:4415: gcc -o conftest -g -O0 -I/usr/local/include/json-c  -L/usr/local/lib -ljson-c   -lleveldb -lpthread   conftest.c  >&5
configure:4415: $? = 0
configure:4415: result: yes
configure:4415: checking for socket
configure:4415: gcc -o conftest -g -O0 -I/usr/local/include/json-c  -L/usr/local/lib -ljson-c   -lleveldb -lpthread   conftest.c  >&5
configure:4415: $? = 0
configure:4415: result: yes
configure:4415: checking for strdup
configure:4415: gcc -o conftest -g -O0 -I/usr/local/include/json-c  -L/usr/local/lib -ljson-c   -lleveldb -lpthread   conftest.c  >&5
conftest.c:64:6: warning: conflicting types for built-in function 'strdup' [enabled by default]
 char strdup ();
      ^
configure:4415: $? = 0
configure:4415: result: yes
configure:4415: checking for strerror
configure:4415: gcc -o conftest -g -O0 -I/usr/local/include/json-c  -L/usr/local/lib -ljson-c   -lleveldb -lpthread   conftest.c  >&5
configure:4415: $? = 0
configure:4415: result: yes
configure:4415: checking for strspn
configure:4415: gcc -o conftest -g -O0 -I/usr/local/include/json-c  -L/usr/local/lib -ljson-c   -lleveldb -lpthread   conftest.c  >&5
conftest.c:66:6: warning: conflicting types for built-in function 'strspn' [enabled by default]
 char strspn ();
      ^
configure:4415: $? = 0
configure:4415: result: yes
configure:4415: checking for strtol
configure:4415: gcc -o conftest -g -O0 -I/usr/local/include/json-c  -L/usr/local/lib -ljson-c   -lleveldb -lpthread   conftest.c  >&5
configure:4415: $? = 0
configure:4415: result: yes
configure:4536: checking that generated files are newer than configure
configure:4542: result: done
configure:4565: creating ./config.status

## ---------------------- ##
## Running config.status. ##
## ---------------------- ##

This file was extended by config.status, which was
generated by GNU Autoconf 2.69.  Invocation command line was

  CONFIG_FILES    = 
  CONFIG_HEADERS  = 
  CONFIG_LINKS    = 
  CONFIG_COMMANDS = 
  $ ./config.status 

on VmClient

config.status:881: creating Makefile
config.status:881: creating src/Makefile
config.status:881: creating config.h
config.status:1062: config.h is unchanged
config.status:1110: executing depfiles commands

## ---------------- ##
## Cache variables. ##
## ---------------- ##

ac_cv_build=x86_64-unknown-linux-gnu
ac_cv_c_compiler_gnu=yes
ac_cv_c_const=yes
ac_cv_env_CC_set=
ac_cv_env_CC_value=
ac_cv_env_CFLAGS_set=
ac_cv_env_CFLAGS_value=
ac_cv_env_CPPFLAGS_set=
ac_cv_env_CPPFLAGS_value=
ac_cv_env_CPP_set=
ac_cv_env_CPP_value=
ac_cv_env_LDFLAGS_set=
ac_cv_env_LDFLAGS_value=
ac_cv_env_LIBS_set=
ac_cv_env_LIBS_value=
ac_cv_env_build_alias_set=
ac_cv_env_build_alias_value=
ac_cv_env_host_alias_set=
ac_cv_env_host_alias_value=
ac_cv_env_target_alias_set=
ac_cv_env_target_alias_value=
ac_cv_func__doprnt=no
ac_cv_func_gethostbyname=yes
ac_cv_func_memset=yes
ac_cv_func_select=yes
ac_cv_func_select_args='int,fd_set *,struct timeval *'
ac_cv_func_socket=yes
ac_cv_func_strdup=yes
ac_cv_func_strerror=yes
ac_cv_func_strftime=yes
ac_cv_func_strspn=yes
ac_cv_func_strtol=yes
ac_cv_func_vprintf=yes
ac_cv_header_fcntl_h=yes
ac_cv_header_inttypes_h=yes
ac_cv_header_memory_h=yes
ac_cv_header_netdb_h=yes
ac_cv_header_netinet_in_h=yes
ac_cv_header_stdc=yes
ac_cv_header_stdint_h=yes
ac_cv_header_stdlib_h=yes
ac_cv_header_string_h=yes
ac_cv_header_strings_h=yes
ac_cv_header_sys_select_h=yes
ac_cv_header_sys_socket_h=yes
ac_cv_header_sys_stat_h=yes
ac_cv_header_sys_time_h=yes
ac_cv_header_sys_types_h=yes
ac_cv_header_time=yes
ac_cv_header_unistd_h=yes
ac_cv_host=x86_64-unknown-linux-gnu
ac_cv_objext=o
ac_cv_path_EGREP='/bin/grep -E'
ac_cv_path_GREP=/bin/grep
ac_cv_path_install='/usr/bin/install -c'
ac_cv_path_mkdir=/bin/mkdir
ac_cv_prog_AWK=mawk
ac_cv_prog_CPP='gcc -E'
ac_cv_prog_ac_ct_CC=gcc
ac_cv_prog_cc_c89=
ac_cv_prog_cc_g=yes
ac_cv_prog_make_make_set=yes
am_cv_CC_dependencies_compiler_type=gcc3

## ----------------- ##
## Output variables. ##
## ----------------- ##

ACLOCAL='${SHELL} /home/admin/report/missing --run aclocal-1.12'
AMDEPBACKSLASH='\'
AMDEP_FALSE='#'
AMDEP_TRUE=''
AMTAR='$${TAR-tar}'
AUTOCONF='${SHELL} /home/admin/report/missing --run autoconf'
AUTOHEADER='${SHELL} /home/admin/report/missing --run autoheader'
AUTOMAKE='${SHELL} /home/admin/report/missing --run automake-1.12'
AWK='mawk'
CC='gcc'
CCDEPMODE='depmode=gcc3'
CFLAGS='-g -O0 -I/usr/local/include/json-c  -L/usr/local/lib -ljson-c   -lleveldb -lpthread'
CPP='gcc -E'
CPPFLAGS=''
CYGPATH_W='echo'
DEFS='-DHAVE_CONFIG_H'
DEPDIR='.deps'
ECHO_C=''
ECHO_N='-n'
ECHO_T=''
EGREP='/bin/grep -E'
EXEEXT=''
GREP='/bin/grep'
INSTALL_DATA='${INSTALL} -m 644'
INSTALL_PROGRAM='${INSTALL}'
INSTALL_SCRIPT='${INSTALL}'
INSTALL_STRIP_PROGRAM='$(install_sh) -c -s'
LDFLAGS=''
LIBOBJS=''
LIBS=''
LTLIBOBJS=''
MAKEINFO='${SHELL} /home/admin/report/missing --run makeinfo'
MKDIR_P='/bin/mkdir -p'
OBJEXT='o'
PACKAGE='sflowtool'
PACKAGE_BUGREPORT=''
PACKAGE_NAME=''
PACKAGE_STRING=''
PACKAGE_TARNAME=''
PACKAGE_URL=''
PACKAGE_VERSION=''
PATH_SEPARATOR=':'
SET_MAKE=''
SHELL='/bin/bash'
STRIP=''
VERSION='3.30'
ac_ct_CC='gcc'
am__EXEEXT_FALSE=''
am__EXEEXT_TRUE='#'
am__fastdepCC_FALSE='#'
am__fastdepCC_TRUE=''
am__include='include'
am__isrc=''
am__leading_dot='.'
am__nodep='_no'
am__quote=''
am__tar='$${TAR-tar} chof - "$$tardir"'
am__untar='$${TAR-tar} xf -'
bindir='${exec_prefix}/bin'
build='x86_64-unknown-linux-gnu'
build_alias=''
build_cpu='x86_64'
build_os='linux-gnu'
build_vendor='unknown'
datadir='${datarootdir}'
datarootdir='${prefix}/share'
docdir='${datarootdir}/doc/${PACKAGE}'
dvidir='${docdir}'
exec_prefix='${prefix}'
host='x86_64-unknown-linux-gnu'
host_alias=''
host_cpu='x86_64'
host_os='linux-gnu'
host_vendor='unknown'
htmldir='${docdir}'
includedir='${prefix}/include'
infodir='${datarootdir}/info'
install_sh='${SHELL} /home/admin/report/install-sh'
libdir='${exec_prefix}/lib'
libexecdir='${exec_prefix}/libexec'
localedir='${datarootdir}/locale'
localstatedir='${prefix}/var'
mandir='${datarootdir}/man'
mkdir_p='$(MKDIR_P)'
oldincludedir='/usr/include'
pdfdir='${docdir}'
prefix='/usr/local'
program_transform_name='s,x,x,'
psdir='${docdir}'
sbindir='${exec_prefix}/sbin'
sharedstatedir='${prefix}/com'
sysconfdir='${prefix}/etc'
target_alias=''

## ----------- ##
## confdefs.h. ##
## ----------- ##

/* confdefs.h */
#define PACKAGE_NAME ""
#define PACKAGE_TARNAME ""
#define PACKAGE_VERSION ""
#define PACKAGE_STRING ""
#define PACKAGE_BUGREPORT ""
#define PACKAGE_URL ""
#define PACKAGE "sflowtool"
#define VERSION "3.30"
#define STDC_HEADERS 1
#define HAVE_SYS_TYPES_H 1
#define HAVE_SYS_STAT_H 1
#define HAVE_STDLIB_H 1
#define HAVE_STRING_H 1
#define HAVE_MEMORY_H 1
#define HAVE_STRINGS_H 1
#define HAVE_INTTYPES_H 1
#define HAVE_STDINT_H 1
#define HAVE_UNISTD_H 1
#define HAVE_FCNTL_H 1
#define HAVE_NETDB_H 1
#define HAVE_NETINET_IN_H 1
#define HAVE_STDLIB_H 1
#define HAVE_STRING_H 1
#define HAVE_SYS_SOCKET_H 1
#define HAVE_SYS_TIME_H 1
#define HAVE_UNISTD_H 1
#define TIME_WITH_SYS_TIME 1
#define HAVE_SYS_SELECT_H 1
#define HAVE_SYS_SOCKET_H 1
#define SELECT_TYPE_ARG1 int
#define SELECT_TYPE_ARG234 (fd_set *)
#define SELECT_TYPE_ARG5 (struct timeval *)
#define HAVE_STRFTIME 1
#define HAVE_VPRINTF 1
#define HAVE_GETHOSTBYNAME 1
#define HAVE_MEMSET 1
#define HAVE_SELECT 1
#define HAVE_SOCKET 1
#define HAVE_STRDUP 1
#define HAVE_STRERROR 1
#define HAVE_STRSPN 1
#define HAVE_STRTOL 1

configure: exit 0
